  plc.grpc.pb.cc
E:\grpc\include\grpcpp\impl\codegen\proto_utils.h(52,1): warning C4267:  'initializing': conversion from 'size_t' to 'int', possible loss of data
E:\grpc\include\grpcpp\impl\codegen\proto_utils.h(107): message :  see reference to function template instantiation 'grpc::Status grpc::GenericSerialize<grpc::ProtoBufferWriter,T>(const grpc::protobuf::MessageLite &,grpc::ByteBuffer *,bool *)' being compiled
E:\grpc\include\grpcpp\impl\codegen\proto_utils.h(107): message :         with
E:\grpc\include\grpcpp\impl\codegen\proto_utils.h(107): message :         [
E:\grpc\include\grpcpp\impl\codegen\proto_utils.h(107): message :             T=plc::CreateConnectionRsp
E:\grpc\include\grpcpp\impl\codegen\proto_utils.h(107): message :         ]
E:\grpc\include\grpcpp\impl\codegen\proto_utils.h(106): message :  while compiling class template member function 'grpc::Status grpc::SerializationTraits<R,void>::Serialize(const grpc::protobuf::MessageLite &,grpc::ByteBuffer *,bool *)'
E:\grpc\include\grpcpp\impl\codegen\proto_utils.h(106): message :         with
E:\grpc\include\grpcpp\impl\codegen\proto_utils.h(106): message :         [
E:\grpc\include\grpcpp\impl\codegen\proto_utils.h(106): message :             R=plc::CreateConnectionRsp
E:\grpc\include\grpcpp\impl\codegen\proto_utils.h(106): message :         ]
E:\grpc\include\grpcpp\impl\codegen\call_op_set.h(387): message :  see reference to function template instantiation 'grpc::Status grpc::SerializationTraits<R,void>::Serialize(const grpc::protobuf::MessageLite &,grpc::ByteBuffer *,bool *)' being compiled
E:\grpc\include\grpcpp\impl\codegen\call_op_set.h(387): message :         with
E:\grpc\include\grpcpp\impl\codegen\call_op_set.h(387): message :         [
E:\grpc\include\grpcpp\impl\codegen\call_op_set.h(387): message :             R=plc::CreateConnectionRsp
E:\grpc\include\grpcpp\impl\codegen\call_op_set.h(387): message :         ]
E:\grpc\include\grpcpp\impl\codegen\call_op_set.h(451): message :  see reference to class template instantiation 'grpc::SerializationTraits<R,void>' being compiled
E:\grpc\include\grpcpp\impl\codegen\call_op_set.h(451): message :         with
E:\grpc\include\grpcpp\impl\codegen\call_op_set.h(451): message :         [
E:\grpc\include\grpcpp\impl\codegen\call_op_set.h(451): message :             R=plc::CreateConnectionRsp
E:\grpc\include\grpcpp\impl\codegen\call_op_set.h(451): message :         ]
E:\grpc\include\grpcpp\impl\codegen\call_op_set.h(446): message :  while compiling class template member function 'void grpc::internal::CallOpRecvMessage<R>::FinishOp(bool *)'
E:\grpc\include\grpcpp\impl\codegen\call_op_set.h(446): message :         with
E:\grpc\include\grpcpp\impl\codegen\call_op_set.h(446): message :         [
E:\grpc\include\grpcpp\impl\codegen\call_op_set.h(446): message :             R=plc::CreateConnectionRsp
E:\grpc\include\grpcpp\impl\codegen\call_op_set.h(446): message :         ]
E:\grpc\include\grpcpp\impl\codegen\call_op_set.h(888): message :  see reference to function template instantiation 'void grpc::internal::CallOpRecvMessage<R>::FinishOp(bool *)' being compiled
E:\grpc\include\grpcpp\impl\codegen\call_op_set.h(888): message :         with
E:\grpc\include\grpcpp\impl\codegen\call_op_set.h(888): message :         [
E:\grpc\include\grpcpp\impl\codegen\call_op_set.h(888): message :             R=plc::CreateConnectionRsp
E:\grpc\include\grpcpp\impl\codegen\call_op_set.h(888): message :         ]
E:\grpc\include\grpcpp\impl\codegen\call_op_set.h(838): message :  see reference to class template instantiation 'grpc::internal::CallOpRecvMessage<R>' being compiled
E:\grpc\include\grpcpp\impl\codegen\call_op_set.h(838): message :         with
E:\grpc\include\grpcpp\impl\codegen\call_op_set.h(838): message :         [
E:\grpc\include\grpcpp\impl\codegen\call_op_set.h(838): message :             R=plc::CreateConnectionRsp
E:\grpc\include\grpcpp\impl\codegen\call_op_set.h(838): message :         ]
E:\grpc\include\grpcpp\impl\codegen\async_unary_call_impl.h(188): message :  see reference to class template instantiation 'grpc::internal::CallOpSet<grpc::internal::CallOpSendInitialMetadata,grpc::internal::CallOpSendMessage,grpc::internal::CallOpClientSendClose,grpc::internal::CallOpRecvInitialMetadata,grpc::internal::CallOpRecvMessage<R>,grpc::internal::CallOpClientRecvStatus>' being compiled
E:\grpc\include\grpcpp\impl\codegen\async_unary_call_impl.h(188): message :         with
E:\grpc\include\grpcpp\impl\codegen\async_unary_call_impl.h(188): message :         [
E:\grpc\include\grpcpp\impl\codegen\async_unary_call_impl.h(188): message :             R=plc::CreateConnectionRsp
E:\grpc\include\grpcpp\impl\codegen\async_unary_call_impl.h(188): message :         ]
E:\Project\src\github.com\davecourtois\Globular\plc\plcpb\cpp\plc.grpc.pb.h(345): message :  see reference to class template instantiation 'grpc_impl::ClientAsyncResponseReader<plc::CreateConnectionRsp>' being compiled
E:\grpc\include\grpcpp\impl\codegen\completion_queue_impl.h(419): message :  see reference to class template instantiation 'std::list<const grpc_impl::Server *,std::allocator<_Ty>>' being compiled
E:\grpc\include\grpcpp\impl\codegen\completion_queue_impl.h(419): message :         with
E:\grpc\include\grpcpp\impl\codegen\completion_queue_impl.h(419): message :         [
E:\grpc\include\grpcpp\impl\codegen\completion_queue_impl.h(419): message :             _Ty=const grpc_impl::Server *
E:\grpc\include\grpcpp\impl\codegen\completion_queue_impl.h(419): message :         ]
C:\Program Files (x86)\Microsoft Visual Studio\2019\Community\VC\Tools\MSVC\14.22.27905\include\chrono(591): message :  see reference to class template instantiation 'std::chrono::duration<double,std::ratio<1,1>>' being compiled
C:\Program Files (x86)\Microsoft Visual Studio\2019\Community\VC\Tools\MSVC\14.22.27905\include\chrono(169): message :  see reference to class template instantiation 'std::chrono::duration<__int64,std::nano>' being compiled
  plc.pb.cc
C:\Program Files (x86)\Microsoft Visual Studio\2019\Community\VC\Tools\MSVC\14.22.27905\include\chrono(570): message :  see reference to class template instantiation 'std::chrono::time_point<std::chrono::steady_clock,std::chrono::steady_clock::duration>' being compiled
E:\Project\src\github.com\davecourtois\Globular\plc\plcpb\cpp\plc.pb.cc(669,64): warning C4244:  '=': conversion from 'google::protobuf::uint64' to 'google::protobuf::int32', possible loss of data
E:\Project\src\github.com\davecourtois\Globular\plc\plcpb\cpp\plc.pb.cc(676,64): warning C4244:  '=': conversion from 'google::protobuf::uint64' to 'google::protobuf::int32', possible loss of data
E:\Project\src\github.com\davecourtois\Globular\plc\plcpb\cpp\plc.pb.cc(2646,66): warning C4244:  '=': conversion from 'google::protobuf::uint64' to 'google::protobuf::int32', possible loss of data
E:\Project\src\github.com\davecourtois\Globular\plc\plcpb\cpp\plc.pb.cc(2653,66): warning C4244:  '=': conversion from 'google::protobuf::uint64' to 'google::protobuf::int32', possible loss of data
E:\Project\src\github.com\davecourtois\Globular\plc\plcpb\cpp\plc.pb.cc(3195,66): warning C4244:  '=': conversion from 'google::protobuf::uint64' to 'google::protobuf::int32', possible loss of data
  main.cpp
E:\Project\src\github.com\davecourtois\Globular\plc\plcpb\cpp\plc.pb.cc(3202,66): warning C4244:  '=': conversion from 'google::protobuf::uint64' to 'google::protobuf::int32', possible loss of data
E:\grpc\include\grpcpp\impl\codegen\proto_utils.h(52,1): warning C4267:  'initializing': conversion from 'size_t' to 'int', possible loss of data
E:\grpc\include\grpcpp\impl\codegen\proto_utils.h(107): message :  see reference to function template instantiation 'grpc::Status grpc::GenericSerialize<grpc::ProtoBufferWriter,T>(const grpc::protobuf::MessageLite &,grpc::ByteBuffer *,bool *)' being compiled
E:\grpc\include\grpcpp\impl\codegen\proto_utils.h(107): message :         with
E:\grpc\include\grpcpp\impl\codegen\proto_utils.h(107): message :         [
E:\grpc\include\grpcpp\impl\codegen\proto_utils.h(107): message :             T=plc::CreateConnectionRsp
E:\grpc\include\grpcpp\impl\codegen\proto_utils.h(107): message :         ]
E:\grpc\include\grpcpp\impl\codegen\proto_utils.h(106): message :  while compiling class template member function 'grpc::Status grpc::SerializationTraits<R,void>::Serialize(const grpc::protobuf::MessageLite &,grpc::ByteBuffer *,bool *)'
E:\grpc\include\grpcpp\impl\codegen\proto_utils.h(106): message :         with
E:\grpc\include\grpcpp\impl\codegen\proto_utils.h(106): message :         [
E:\grpc\include\grpcpp\impl\codegen\proto_utils.h(106): message :             R=plc::CreateConnectionRsp
E:\grpc\include\grpcpp\impl\codegen\proto_utils.h(106): message :         ]
E:\grpc\include\grpcpp\impl\codegen\call_op_set.h(387): message :  see reference to function template instantiation 'grpc::Status grpc::SerializationTraits<R,void>::Serialize(const grpc::protobuf::MessageLite &,grpc::ByteBuffer *,bool *)' being compiled
E:\grpc\include\grpcpp\impl\codegen\call_op_set.h(387): message :         with
E:\grpc\include\grpcpp\impl\codegen\call_op_set.h(387): message :         [
E:\grpc\include\grpcpp\impl\codegen\call_op_set.h(387): message :             R=plc::CreateConnectionRsp
E:\grpc\include\grpcpp\impl\codegen\call_op_set.h(387): message :         ]
E:\grpc\include\grpcpp\impl\codegen\call_op_set.h(451): message :  see reference to class template instantiation 'grpc::SerializationTraits<R,void>' being compiled
E:\grpc\include\grpcpp\impl\codegen\call_op_set.h(451): message :         with
E:\grpc\include\grpcpp\impl\codegen\call_op_set.h(451): message :         [
E:\grpc\include\grpcpp\impl\codegen\call_op_set.h(451): message :             R=plc::CreateConnectionRsp
E:\grpc\include\grpcpp\impl\codegen\call_op_set.h(451): message :         ]
E:\grpc\include\grpcpp\impl\codegen\call_op_set.h(446): message :  while compiling class template member function 'void grpc::internal::CallOpRecvMessage<R>::FinishOp(bool *)'
E:\grpc\include\grpcpp\impl\codegen\call_op_set.h(446): message :         with
E:\grpc\include\grpcpp\impl\codegen\call_op_set.h(446): message :         [
E:\grpc\include\grpcpp\impl\codegen\call_op_set.h(446): message :             R=plc::CreateConnectionRsp
E:\grpc\include\grpcpp\impl\codegen\call_op_set.h(446): message :         ]
E:\grpc\include\grpcpp\impl\codegen\call_op_set.h(888): message :  see reference to function template instantiation 'void grpc::internal::CallOpRecvMessage<R>::FinishOp(bool *)' being compiled
E:\grpc\include\grpcpp\impl\codegen\call_op_set.h(888): message :         with
E:\grpc\include\grpcpp\impl\codegen\call_op_set.h(888): message :         [
E:\grpc\include\grpcpp\impl\codegen\call_op_set.h(888): message :             R=plc::CreateConnectionRsp
E:\grpc\include\grpcpp\impl\codegen\call_op_set.h(888): message :         ]
E:\grpc\include\grpcpp\impl\codegen\call_op_set.h(838): message :  see reference to class template instantiation 'grpc::internal::CallOpRecvMessage<R>' being compiled
E:\grpc\include\grpcpp\impl\codegen\call_op_set.h(838): message :         with
E:\grpc\include\grpcpp\impl\codegen\call_op_set.h(838): message :         [
E:\grpc\include\grpcpp\impl\codegen\call_op_set.h(838): message :             R=plc::CreateConnectionRsp
E:\grpc\include\grpcpp\impl\codegen\call_op_set.h(838): message :         ]
E:\grpc\include\grpcpp\impl\codegen\async_unary_call_impl.h(188): message :  see reference to class template instantiation 'grpc::internal::CallOpSet<grpc::internal::CallOpSendInitialMetadata,grpc::internal::CallOpSendMessage,grpc::internal::CallOpClientSendClose,grpc::internal::CallOpRecvInitialMetadata,grpc::internal::CallOpRecvMessage<R>,grpc::internal::CallOpClientRecvStatus>' being compiled
E:\grpc\include\grpcpp\impl\codegen\async_unary_call_impl.h(188): message :         with
E:\grpc\include\grpcpp\impl\codegen\async_unary_call_impl.h(188): message :         [
E:\grpc\include\grpcpp\impl\codegen\async_unary_call_impl.h(188): message :             R=plc::CreateConnectionRsp
E:\grpc\include\grpcpp\impl\codegen\async_unary_call_impl.h(188): message :         ]
E:\Project\src\github.com\davecourtois\Globular\plc\plcpb\cpp\plc.grpc.pb.h(345): message :  see reference to class template instantiation 'grpc_impl::ClientAsyncResponseReader<plc::CreateConnectionRsp>' being compiled
E:\grpc\include\grpcpp\impl\codegen\completion_queue_impl.h(419): message :  see reference to class template instantiation 'std::list<const grpc_impl::Server *,std::allocator<_Ty>>' being compiled
E:\grpc\include\grpcpp\impl\codegen\completion_queue_impl.h(419): message :         with
E:\grpc\include\grpcpp\impl\codegen\completion_queue_impl.h(419): message :         [
E:\grpc\include\grpcpp\impl\codegen\completion_queue_impl.h(419): message :             _Ty=const grpc_impl::Server *
E:\grpc\include\grpcpp\impl\codegen\completion_queue_impl.h(419): message :         ]
C:\Program Files (x86)\Microsoft Visual Studio\2019\Community\VC\Tools\MSVC\14.22.27905\include\chrono(591): message :  see reference to class template instantiation 'std::chrono::duration<double,std::ratio<1,1>>' being compiled
C:\Program Files (x86)\Microsoft Visual Studio\2019\Community\VC\Tools\MSVC\14.22.27905\include\chrono(169): message :  see reference to class template instantiation 'std::chrono::duration<__int64,std::nano>' being compiled
  PlcServiceImpl.cpp
C:\Program Files (x86)\Microsoft Visual Studio\2019\Community\VC\Tools\MSVC\14.22.27905\include\chrono(570): message :  see reference to class template instantiation 'std::chrono::time_point<std::chrono::steady_clock,std::chrono::steady_clock::duration>' being compiled
E:\Project\src\github.com\davecourtois\Globular\plc\plc_server\plc_server_ab\PLC_server\PlcServiceImpl.cpp(444,19): warning C4244:  '=': conversion from 'float' to 'int', possible loss of data
E:\Project\src\github.com\davecourtois\Globular\plc\plc_server\plc_server_ab\PLC_server\PlcServiceImpl.cpp(559,19): warning C4244:  '=': conversion from 'float' to 'int', possible loss of data
E:\grpc\include\grpcpp\impl\codegen\proto_utils.h(52,1): warning C4267:  'initializing': conversion from 'size_t' to 'int', possible loss of data
E:\grpc\include\grpcpp\impl\codegen\proto_utils.h(107): message :  see reference to function template instantiation 'grpc::Status grpc::GenericSerialize<grpc::ProtoBufferWriter,T>(const grpc::protobuf::MessageLite &,grpc::ByteBuffer *,bool *)' being compiled
E:\grpc\include\grpcpp\impl\codegen\proto_utils.h(107): message :         with
E:\grpc\include\grpcpp\impl\codegen\proto_utils.h(107): message :         [
E:\grpc\include\grpcpp\impl\codegen\proto_utils.h(107): message :             T=plc::CreateConnectionRsp
E:\grpc\include\grpcpp\impl\codegen\proto_utils.h(107): message :         ]
E:\grpc\include\grpcpp\impl\codegen\proto_utils.h(106): message :  while compiling class template member function 'grpc::Status grpc::SerializationTraits<R,void>::Serialize(const grpc::protobuf::MessageLite &,grpc::ByteBuffer *,bool *)'
E:\grpc\include\grpcpp\impl\codegen\proto_utils.h(106): message :         with
E:\grpc\include\grpcpp\impl\codegen\proto_utils.h(106): message :         [
E:\grpc\include\grpcpp\impl\codegen\proto_utils.h(106): message :             R=plc::CreateConnectionRsp
E:\grpc\include\grpcpp\impl\codegen\proto_utils.h(106): message :         ]
E:\grpc\include\grpcpp\impl\codegen\call_op_set.h(387): message :  see reference to function template instantiation 'grpc::Status grpc::SerializationTraits<R,void>::Serialize(const grpc::protobuf::MessageLite &,grpc::ByteBuffer *,bool *)' being compiled
E:\grpc\include\grpcpp\impl\codegen\call_op_set.h(387): message :         with
E:\grpc\include\grpcpp\impl\codegen\call_op_set.h(387): message :         [
E:\grpc\include\grpcpp\impl\codegen\call_op_set.h(387): message :             R=plc::CreateConnectionRsp
E:\grpc\include\grpcpp\impl\codegen\call_op_set.h(387): message :         ]
E:\grpc\include\grpcpp\impl\codegen\call_op_set.h(451): message :  see reference to class template instantiation 'grpc::SerializationTraits<R,void>' being compiled
E:\grpc\include\grpcpp\impl\codegen\call_op_set.h(451): message :         with
E:\grpc\include\grpcpp\impl\codegen\call_op_set.h(451): message :         [
E:\grpc\include\grpcpp\impl\codegen\call_op_set.h(451): message :             R=plc::CreateConnectionRsp
E:\grpc\include\grpcpp\impl\codegen\call_op_set.h(451): message :         ]
E:\grpc\include\grpcpp\impl\codegen\call_op_set.h(446): message :  while compiling class template member function 'void grpc::internal::CallOpRecvMessage<R>::FinishOp(bool *)'
E:\grpc\include\grpcpp\impl\codegen\call_op_set.h(446): message :         with
E:\grpc\include\grpcpp\impl\codegen\call_op_set.h(446): message :         [
E:\grpc\include\grpcpp\impl\codegen\call_op_set.h(446): message :             R=plc::CreateConnectionRsp
E:\grpc\include\grpcpp\impl\codegen\call_op_set.h(446): message :         ]
E:\grpc\include\grpcpp\impl\codegen\call_op_set.h(888): message :  see reference to function template instantiation 'void grpc::internal::CallOpRecvMessage<R>::FinishOp(bool *)' being compiled
E:\grpc\include\grpcpp\impl\codegen\call_op_set.h(888): message :         with
E:\grpc\include\grpcpp\impl\codegen\call_op_set.h(888): message :         [
E:\grpc\include\grpcpp\impl\codegen\call_op_set.h(888): message :             R=plc::CreateConnectionRsp
E:\grpc\include\grpcpp\impl\codegen\call_op_set.h(888): message :         ]
E:\grpc\include\grpcpp\impl\codegen\call_op_set.h(838): message :  see reference to class template instantiation 'grpc::internal::CallOpRecvMessage<R>' being compiled
E:\grpc\include\grpcpp\impl\codegen\call_op_set.h(838): message :         with
E:\grpc\include\grpcpp\impl\codegen\call_op_set.h(838): message :         [
E:\grpc\include\grpcpp\impl\codegen\call_op_set.h(838): message :             R=plc::CreateConnectionRsp
E:\grpc\include\grpcpp\impl\codegen\call_op_set.h(838): message :         ]
E:\grpc\include\grpcpp\impl\codegen\async_unary_call_impl.h(188): message :  see reference to class template instantiation 'grpc::internal::CallOpSet<grpc::internal::CallOpSendInitialMetadata,grpc::internal::CallOpSendMessage,grpc::internal::CallOpClientSendClose,grpc::internal::CallOpRecvInitialMetadata,grpc::internal::CallOpRecvMessage<R>,grpc::internal::CallOpClientRecvStatus>' being compiled
E:\grpc\include\grpcpp\impl\codegen\async_unary_call_impl.h(188): message :         with
E:\grpc\include\grpcpp\impl\codegen\async_unary_call_impl.h(188): message :         [
E:\grpc\include\grpcpp\impl\codegen\async_unary_call_impl.h(188): message :             R=plc::CreateConnectionRsp
E:\grpc\include\grpcpp\impl\codegen\async_unary_call_impl.h(188): message :         ]
E:\Project\src\github.com\davecourtois\Globular\plc\plcpb\cpp\plc.grpc.pb.h(345): message :  see reference to class template instantiation 'grpc_impl::ClientAsyncResponseReader<plc::CreateConnectionRsp>' being compiled
E:\grpc\include\grpcpp\impl\codegen\completion_queue_impl.h(419): message :  see reference to class template instantiation 'std::list<const grpc_impl::Server *,std::allocator<_Ty>>' being compiled
E:\grpc\include\grpcpp\impl\codegen\completion_queue_impl.h(419): message :         with
E:\grpc\include\grpcpp\impl\codegen\completion_queue_impl.h(419): message :         [
E:\grpc\include\grpcpp\impl\codegen\completion_queue_impl.h(419): message :             _Ty=const grpc_impl::Server *
E:\grpc\include\grpcpp\impl\codegen\completion_queue_impl.h(419): message :         ]
C:\Program Files (x86)\Microsoft Visual Studio\2019\Community\VC\Tools\MSVC\14.22.27905\include\chrono(591): message :  see reference to class template instantiation 'std::chrono::duration<double,std::ratio<1,1>>' being compiled
C:\Program Files (x86)\Microsoft Visual Studio\2019\Community\VC\Tools\MSVC\14.22.27905\include\chrono(169): message :  see reference to class template instantiation 'std::chrono::duration<__int64,std::nano>' being compiled
C:\Program Files (x86)\Microsoft Visual Studio\2019\Community\VC\Tools\MSVC\14.22.27905\include\chrono(570): message :  see reference to class template instantiation 'std::chrono::time_point<std::chrono::steady_clock,std::chrono::steady_clock::duration>' being compiled
  Generating code
  Previous IPDB not found, fall back to full compilation.
  All 4812 functions were compiled because no usable IPDB/IOBJ from previous compilation was found.
  Finished generating code
  PLC_server.vcxproj -> E:\Project\src\github.com\davecourtois\Globular\plc\plc_server\plc_server_ab\x64\Release\plc_server_ab.exe
